{
  "stats": {
    "suites": 3,
    "tests": 5,
    "passes": 5,
    "pending": 0,
    "failures": 0,
    "start": "2023-04-23T14:49:07.654Z",
    "end": "2023-04-23T14:49:10.404Z",
    "duration": 2750,
    "testsRegistered": 5,
    "passPercent": 100,
    "pendingPercent": 0,
    "other": 0,
    "hasOther": false,
    "skipped": 0,
    "hasSkipped": false
  },
  "results": [
    {
      "uuid": "d4008017-25a2-4a73-94bf-7cbd892d6176",
      "title": "",
      "fullFile": "",
      "file": "",
      "beforeHooks": [],
      "afterHooks": [],
      "tests": [],
      "suites": [
        {
          "uuid": "ac996392-de9f-4ed7-8977-2a3ecaaee762",
          "title": "Get Request Example",
          "fullFile": "/Users/alifmaulanaarifin/Dev/LearnQA/05 - Javascript Automation/test/api/getExample.js",
          "file": "/test/api/getExample.js",
          "beforeHooks": [],
          "afterHooks": [],
          "tests": [
            {
              "title": "response status is equal to 200",
              "fullTitle": "Get Request Example response status is equal to 200",
              "timedOut": false,
              "duration": 1359,
              "state": "passed",
              "speed": "slow",
              "pass": true,
              "fail": false,
              "pending": false,
              "context": null,
              "code": "expect((await response).status).to.equal(200);",
              "err": {},
              "uuid": "eb1e59b0-3736-4405-9213-1733ee6c163c",
              "parentUUID": "ac996392-de9f-4ed7-8977-2a3ecaaee762",
              "isHook": false,
              "skipped": false
            },
            {
              "title": "response body have sold property",
              "fullTitle": "Get Request Example response body have sold property",
              "timedOut": false,
              "duration": 1,
              "state": "passed",
              "speed": "fast",
              "pass": true,
              "fail": false,
              "pending": false,
              "context": null,
              "code": "expect((await response).body).to.haveOwnProperty(\"sold\");",
              "err": {},
              "uuid": "c2aad301-236e-4e7a-a194-d2155c8fc1a4",
              "parentUUID": "ac996392-de9f-4ed7-8977-2a3ecaaee762",
              "isHook": false,
              "skipped": false
            }
          ],
          "suites": [],
          "passes": [
            "eb1e59b0-3736-4405-9213-1733ee6c163c",
            "c2aad301-236e-4e7a-a194-d2155c8fc1a4"
          ],
          "failures": [],
          "pending": [],
          "skipped": [],
          "duration": 1360,
          "root": false,
          "rootEmpty": false,
          "_timeout": 2000
        },
        {
          "uuid": "026b7fe0-e3dd-4281-bc6e-53e96af763e6",
          "title": "Post Request Example",
          "fullFile": "/Users/alifmaulanaarifin/Dev/LearnQA/05 - Javascript Automation/test/api/postExample.js",
          "file": "/test/api/postExample.js",
          "beforeHooks": [],
          "afterHooks": [],
          "tests": [
            {
              "title": "response status is equal to 200",
              "fullTitle": "Post Request Example response status is equal to 200",
              "timedOut": false,
              "duration": 1377,
              "state": "passed",
              "speed": "slow",
              "pass": true,
              "fail": false,
              "pending": false,
              "context": null,
              "code": "expect((await response).status).to.equal(200);",
              "err": {},
              "uuid": "35d6bb17-ae35-47e9-8a90-22f96c28601c",
              "parentUUID": "026b7fe0-e3dd-4281-bc6e-53e96af763e6",
              "isHook": false,
              "skipped": false
            },
            {
              "title": "response body have completed property",
              "fullTitle": "Post Request Example response body have completed property",
              "timedOut": false,
              "duration": 1,
              "state": "passed",
              "speed": "fast",
              "pass": true,
              "fail": false,
              "pending": false,
              "context": null,
              "code": "expect((await response).body).to.haveOwnProperty(\"complete\");",
              "err": {},
              "uuid": "a2460fa9-fb47-4ca8-a6cd-ae843cfcb415",
              "parentUUID": "026b7fe0-e3dd-4281-bc6e-53e96af763e6",
              "isHook": false,
              "skipped": false
            }
          ],
          "suites": [],
          "passes": [
            "35d6bb17-ae35-47e9-8a90-22f96c28601c",
            "a2460fa9-fb47-4ca8-a6cd-ae843cfcb415"
          ],
          "failures": [],
          "pending": [],
          "skipped": [],
          "duration": 1378,
          "root": false,
          "rootEmpty": false,
          "_timeout": 2000
        },
        {
          "uuid": "eee7eb73-8273-4364-aa91-bcf27c94f668",
          "title": "Welcome Test",
          "fullFile": "/Users/alifmaulanaarifin/Dev/LearnQA/05 - Javascript Automation/test/api/welcomeTest.js",
          "file": "/test/api/welcomeTest.js",
          "beforeHooks": [],
          "afterHooks": [],
          "tests": [
            {
              "title": "app should return welcome message",
              "fullTitle": "Welcome Test app should return welcome message",
              "timedOut": false,
              "duration": 0,
              "state": "passed",
              "speed": "fast",
              "pass": true,
              "fail": false,
              "pending": false,
              "context": null,
              "code": "assert.equal(app(), \"Selamat Datang\")",
              "err": {},
              "uuid": "37f2b372-b70a-4543-a195-153260d7bf42",
              "parentUUID": "eee7eb73-8273-4364-aa91-bcf27c94f668",
              "isHook": false,
              "skipped": false
            }
          ],
          "suites": [],
          "passes": [
            "37f2b372-b70a-4543-a195-153260d7bf42"
          ],
          "failures": [],
          "pending": [],
          "skipped": [],
          "duration": 0,
          "root": false,
          "rootEmpty": false,
          "_timeout": 2000
        }
      ],
      "passes": [],
      "failures": [],
      "pending": [],
      "skipped": [],
      "duration": 0,
      "root": true,
      "rootEmpty": true,
      "_timeout": 2000
    }
  ],
  "meta": {
    "mocha": {
      "version": "10.2.0"
    },
    "mochawesome": {
      "options": {
        "quiet": false,
        "reportFilename": "mochawesome",
        "saveHtml": true,
        "saveJson": true,
        "consoleReporter": "spec",
        "useInlineDiffs": false,
        "code": true
      },
      "version": "7.1.3"
    },
    "marge": {
      "options": null,
      "version": "6.2.0"
    }
  }
}